生成启动时间为 2017/5/20 12:59:47。
     1>项目“H:\class\计算机动画\3140100865-高雅玉洁\3140100865-高雅玉洁\code\Project17\Project17.vcxproj”在节点 2 上(Build 个目标)。
     1>ClCompile:
         G:\vs2013\VC\bin\CL.exe /c /Zi /nologo /W3 /WX- /sdl /O2 /Oi /Oy- /GL /D _MBCS /Gm- /EHsc /MD /GS /Gy /fp:precise /Zc:wchar_t /Zc:forScope /Fo"Release\\" /Fd"Release\vc120.pdb" /Gd /TP /analyze- /errorReport:prompt butterfly.cpp main.cpp
         butterfly.cpp
     1>butterfly.cpp(83): warning C4018: “<”: 有符号/无符号不匹配
     1>butterfly.cpp(95): warning C4018: “<”: 有符号/无符号不匹配
         main.cpp
       Link:
         G:\vs2013\VC\bin\link.exe /ERRORREPORT:PROMPT /OUT:"H:\class\计算机动画\3140100865-高雅玉洁\3140100865-高雅玉洁\code\Release\Project17.exe" /NOLOGO kernel32.lib user32.lib gdi32.lib winspool.lib comdlg32.lib advapi32.lib shell32.lib ole32.lib oleaut32.lib uuid.lib odbc32.lib odbccp32.lib /MANIFEST /MANIFESTUAC:"level='asInvoker' uiAccess='false'" /manifest:embed /PDB:"H:\class\计算机动画\3140100865-高雅玉洁\3140100865-高雅玉洁\code\Release\Project17.pdb" /OPT:REF /OPT:ICF /LTCG /TLBID:1 /DYNAMICBASE /NXCOMPAT /IMPLIB:"H:\class\计算机动画\3140100865-高雅玉洁\3140100865-高雅玉洁\code\Release\Project17.lib" /MACHINE:X86 /SAFESEH /SAFESEH:NO Release\butterfly.obj
         Release\collision.obj
         Release\main.obj
         Release\object.obj
         Release\particle.obj
         Release\snowflower.obj
         Release\spline.obj
         Release\texture.obj
         Release\vec.obj
         正在生成代码
         已完成代码的生成
         Project17.vcxproj -> H:\class\计算机动画\3140100865-高雅玉洁\3140100865-高雅玉洁\code\Release\Project17.exe
     1>已完成生成项目“H:\class\计算机动画\3140100865-高雅玉洁\3140100865-高雅玉洁\code\Project17\Project17.vcxproj”(Build 个目标)的操作。

生成成功。

已用时间 00:00:01.32
